"../../../Engine/Content/EditorResources/S_Actor.ubulk" 0
"../../../Engine/Content/EditorResources/S_Actor.uasset" 1
"../../../Engine/Content/EditorResources/S_Actor.uexp" 2
"../../../Engine/Content/EditorResources/S_BoxReflectionCapture.uasset" 3
"../../../Engine/Content/EditorResources/S_BoxReflectionCapture.uexp" 4
"../../../Engine/Content/EngineResources/DefaultTexture.ubulk" 5
"../../../Engine/Content/EngineResources/DefaultTexture.uasset" 6
"../../../Engine/Content/EngineResources/DefaultTexture.uexp" 7
"../../../Engine/Content/EngineResources/DefaultTextureCube.uasset" 8
"../../../Engine/Content/EngineResources/DefaultTextureCube.uexp" 9
"../../../Engine/Content/EngineResources/DefaultVolumeTexture2D.uasset" 10
"../../../Engine/Content/EngineResources/DefaultVolumeTexture2D.uexp" 11
"../../../Engine/Content/EngineResources/DefaultVolumeTexture.uasset" 12
"../../../Engine/Content/EngineResources/DefaultVolumeTexture.uexp" 13
"../../../Engine/Content/EditorResources/S_Trigger.ubulk" 14
"../../../Engine/Content/EditorResources/S_Trigger.uasset" 15
"../../../Engine/Content/EditorResources/S_Trigger.uexp" 16
"../../../Engine/Content/EditorResources/S_TriggerBox.uasset" 17
"../../../Engine/Content/EditorResources/S_TriggerBox.uexp" 18
"../../../Engine/Content/EditorResources/S_TriggerCapsule.uasset" 19
"../../../Engine/Content/EditorResources/S_TriggerCapsule.uexp" 20
"../../../Engine/Content/EditorResources/S_TriggerSphere.uasset" 21
"../../../Engine/Content/EditorResources/S_TriggerSphere.uexp" 22
"../../../Engine/Content/EngineMeshes/Sphere.uasset" 23
"../../../Engine/Content/EngineMeshes/Sphere.uexp" 24
"../../../Engine/Content/EngineResources/GradientTexture0.uasset" 25
"../../../Engine/Content/EngineResources/GradientTexture0.uexp" 26
"../../../Engine/Content/VREditor/LaserPointer/VR_LaserPower_01.ubulk" 27
"../../../Engine/Content/VREditor/LaserPointer/VR_LaserPower_01.uasset" 28
"../../../Engine/Content/VREditor/LaserPointer/VR_LaserPower_01.uexp" 29
"../../../Engine/Content/VREditor/TransformGizmo/TransformGizmoMaterial.uasset" 30
"../../../Engine/Content/VREditor/TransformGizmo/TransformGizmoMaterial.uexp" 31
"../../../Engine/Content/VREditor/TransformGizmo/TranslucentTransformGizmoMaterial.uasset" 32
"../../../Engine/Content/VREditor/TransformGizmo/TranslucentTransformGizmoMaterial.uexp" 33
"../../../Engine/Content/VREditor/TransformGizmo/PlaneTranslationHandle.uasset" 34
"../../../Engine/Content/VREditor/TransformGizmo/PlaneTranslationHandle.uexp" 35
"../../../Engine/Content/VREditor/TransformGizmo/BoundingBoxCorner.uasset" 36
"../../../Engine/Content/VREditor/TransformGizmo/BoundingBoxCorner.uexp" 37
"../../../Engine/Content/VREditor/TransformGizmo/BoundingBoxEdge.uasset" 38
"../../../Engine/Content/VREditor/TransformGizmo/BoundingBoxEdge.uexp" 39
"../../../Engine/Content/VREditor/TransformGizmo/Main.uasset" 40
"../../../Engine/Content/VREditor/TransformGizmo/Main.uexp" 41
"../../../Engine/Content/VREditor/TransformGizmo/Xray.uasset" 42
"../../../Engine/Content/VREditor/TransformGizmo/Xray.uexp" 43
"../../../Engine/Content/VREditor/TransformGizmo/SM_Sequencer_Node.uasset" 44
"../../../Engine/Content/VREditor/TransformGizmo/SM_Sequencer_Node.uexp" 45
"../../../Engine/Content/EditorMaterials/Camera/CineMat.uasset" 46
"../../../Engine/Content/EditorMaterials/Camera/CineMat.uexp" 47
"../../../Engine/Content/EditorMaterials/Camera/MI_CineMat_Rig.uasset" 48
"../../../Engine/Content/EditorMaterials/Camera/MI_CineMat_Rig.uexp" 49
"../../../Engine/Content/EditorMeshes/Camera/SM_CraneRig_Base.uasset" 50
"../../../Engine/Content/EditorMeshes/Camera/SM_CraneRig_Base.uexp" 51
"../../../Engine/Content/EditorMeshes/Camera/SM_CraneRig_Arm.uasset" 52
"../../../Engine/Content/EditorMeshes/Camera/SM_CraneRig_Arm.uexp" 53
"../../../Engine/Content/EditorMeshes/Camera/SM_CraneRig_Mount.uasset" 54
"../../../Engine/Content/EditorMeshes/Camera/SM_CraneRig_Mount.uexp" 55
"../../../Engine/Content/EditorMeshes/Camera/SM_CraneRig_Body.uasset" 56
"../../../Engine/Content/EditorMeshes/Camera/SM_CraneRig_Body.uexp" 57
"../../../Engine/Content/EditorMeshes/Camera/SM_RailRig_Track.uasset" 58
"../../../Engine/Content/EditorMeshes/Camera/SM_RailRig_Track.uexp" 59
"../../../Engine/Content/EditorMeshes/Camera/SM_RailRig_Mount.uasset" 60
"../../../Engine/Content/EditorMeshes/Camera/SM_RailRig_Mount.uexp" 61
"../../../Engine/Content/EngineMaterials/T_Default_Material_Grid_M.ubulk" 62
"../../../Engine/Content/EngineMaterials/T_Default_Material_Grid_M.uasset" 63
"../../../Engine/Content/EngineMaterials/T_Default_Material_Grid_M.uexp" 64
"../../../Engine/Content/EngineMaterials/T_Default_Material_Grid_N.ubulk" 65
"../../../Engine/Content/EngineMaterials/T_Default_Material_Grid_N.uasset" 66
"../../../Engine/Content/EngineMaterials/T_Default_Material_Grid_N.uexp" 67
"../../../Engine/Content/Functions/Engine_MaterialFunctions01/Opacity/CameraDepthFade.uasset" 68
"../../../Engine/Content/Functions/Engine_MaterialFunctions01/Opacity/CameraDepthFade.uexp" 69
"../../../Engine/Content/EngineMaterials/WorldGridMaterial.uasset" 70
"../../../Engine/Content/EngineMaterials/WorldGridMaterial.uexp" 71
"../../../Engine/Content/ArtTools/RenderToTexture/Meshes/S_1_Unit_Plane.uasset" 72
"../../../Engine/Content/ArtTools/RenderToTexture/Meshes/S_1_Unit_Plane.uexp" 73
"../../../Engine/Content/EditorMaterials/ParticleSystems/PSysThumbnail_NoImage.ubulk" 74
"../../../Engine/Content/EditorMaterials/ParticleSystems/PSysThumbnail_NoImage.uasset" 75
"../../../Engine/Content/EditorMaterials/ParticleSystems/PSysThumbnail_NoImage.uexp" 76
"../../../Engine/Content/EditorMaterials/ParticleSystems/PSysThumbnail_OOD.ubulk" 77
"../../../Engine/Content/EditorMaterials/ParticleSystems/PSysThumbnail_OOD.uasset" 78
"../../../Engine/Content/EditorMaterials/ParticleSystems/PSysThumbnail_OOD.uexp" 79
"../../../Engine/Content/EditorLandscapeResources/SplineEditorMeshMat.uasset" 80
"../../../Engine/Content/EditorLandscapeResources/SplineEditorMeshMat.uexp" 81
"../../../Engine/Content/EditorLandscapeResources/SplineEditorMesh.uasset" 82
"../../../Engine/Content/EditorLandscapeResources/SplineEditorMesh.uexp" 83
"../../../Engine/Content/EditorResources/S_Solver.ubulk" 84
"../../../Engine/Content/EditorResources/S_Solver.uasset" 85
"../../../Engine/Content/EditorResources/S_Solver.uexp" 86
"../../../Engine/Content/BasicShapes/Cube.uasset" 87
"../../../Engine/Content/BasicShapes/Cube.uexp" 88
"../../../Engine/Plugins/Compositing/Composure/Content/Textures/Debug/T_CompilerError.ubulk" 89
"../../../Engine/Plugins/Compositing/Composure/Content/Textures/Debug/T_CompilerError.uasset" 90
"../../../Engine/Plugins/Compositing/Composure/Content/Textures/Debug/T_CompilerError.uexp" 91
"../../../Engine/Plugins/Compositing/Composure/Content/Textures/Debug/T_DisabledElement.ubulk" 92
"../../../Engine/Plugins/Compositing/Composure/Content/Textures/Debug/T_DisabledElement.uasset" 93
"../../../Engine/Plugins/Compositing/Composure/Content/Textures/Debug/T_DisabledElement.uexp" 94
"../../../Engine/Plugins/Compositing/Composure/Content/Textures/Debug/T_EmptyElement.ubulk" 95
"../../../Engine/Plugins/Compositing/Composure/Content/Textures/Debug/T_EmptyElement.uasset" 96
"../../../Engine/Plugins/Compositing/Composure/Content/Textures/Debug/T_EmptyElement.uexp" 97
"../../../Engine/Plugins/Compositing/Composure/Content/Textures/Debug/T_SuspendedElement.ubulk" 98
"../../../Engine/Plugins/Compositing/Composure/Content/Textures/Debug/T_SuspendedElement.uasset" 99
"../../../Engine/Plugins/Compositing/Composure/Content/Textures/Debug/T_SuspendedElement.uexp" 100
"../../../Engine/Plugins/Media/MediaPlate/Content/SM_MediaPlateScreen.uasset" 101
"../../../Engine/Plugins/Media/MediaPlate/Content/SM_MediaPlateScreen.uexp" 102
"../../../Engine/Content/EngineMaterials/Good64x64TilingNoiseHighFreq.uasset" 103
"../../../Engine/Content/EngineMaterials/Good64x64TilingNoiseHighFreq.uexp" 104
"../../../Engine/Content/EngineMaterials/DefaultBokeh.uasset" 105
"../../../Engine/Content/EngineMaterials/DefaultBokeh.uexp" 106
"../../../Engine/Content/EngineMaterials/PreintegratedSkinBRDF.uasset" 107
"../../../Engine/Content/EngineMaterials/PreintegratedSkinBRDF.uexp" 108
"../../../Engine/Content/EngineMaterials/MiniFont.uasset" 109
"../../../Engine/Content/EngineMaterials/MiniFont.uexp" 110
"../../../Engine/Content/EngineMaterials/WeightMapPlaceholderTexture.uasset" 111
"../../../Engine/Content/EngineMaterials/WeightMapPlaceholderTexture.uexp" 112
"../../../Engine/Content/EngineMaterials/DefaultWhiteGrid.ubulk" 113
"../../../Engine/Content/EngineMaterials/DefaultWhiteGrid.uasset" 114
"../../../Engine/Content/EngineMaterials/DefaultWhiteGrid.uexp" 115
"../../../Engine/Content/Animation/DefaultRecorderBoneCompression.uasset" 116
"../../../Engine/Content/Animation/DefaultRecorderBoneCompression.uexp" 117
"../../../Engine/Content/Animation/DefaultAnimCurveCompressionSettings.uasset" 118
"../../../Engine/Content/Animation/DefaultAnimCurveCompressionSettings.uexp" 119
"../../../Engine/Content/Animation/DefaultAnimBoneCompressionSettings.uasset" 120
"../../../Engine/Content/Animation/DefaultAnimBoneCompressionSettings.uexp" 121
"../../../Engine/Content/EngineMaterials/DefaultMaterial.uasset" 122
"../../../Engine/Content/EngineMaterials/DefaultMaterial.uexp" 123
"../../../Engine/Content/BasicShapes/Sphere.uasset" 124
"../../../Engine/Content/BasicShapes/Sphere.uexp" 125
"../../../Engine/Content/BasicShapes/Cylinder.uasset" 126
"../../../Engine/Content/BasicShapes/Cylinder.uexp" 127
"../../../Engine/Content/BasicShapes/Cone.uasset" 128
"../../../Engine/Content/BasicShapes/Cone.uexp" 129
"../../../Engine/Content/EditorLandscapeResources/DefaultAlphaTexture.uasset" 130
"../../../Engine/Content/EditorLandscapeResources/DefaultAlphaTexture.uexp" 131
"../../../Engine/Content/EditorLandscapeResources/DataLayer.uasset" 132
"../../../Engine/Content/EditorLandscapeResources/DataLayer.uexp" 133
"../../../Engine/Content/EditorMaterials/PreviewShadowIndicator.ubulk" 134
"../../../Engine/Content/EditorMaterials/PreviewShadowIndicator.uasset" 135
"../../../Engine/Content/EditorMaterials/PreviewShadowIndicator.uexp" 136
"../../../Engine/Content/EditorMaterials/PreviewShadowIndicatorMaterial.uasset" 137
"../../../Engine/Content/EditorMaterials/PreviewShadowIndicatorMaterial.uexp" 138
"../../../Engine/Content/EditorMaterials/PhAT_UnselectedMaterial.uasset" 139
"../../../Engine/Content/EditorMaterials/PhAT_UnselectedMaterial.uexp" 140
"../../../Engine/Content/EditorMaterials/PhAT_NoCollisionMaterial.uasset" 141
"../../../Engine/Content/EditorMaterials/PhAT_NoCollisionMaterial.uexp" 142
"../../../Engine/Content/Functions/Engine_MaterialFunctions02/Utility/MakeFloat4.uasset" 143
"../../../Engine/Content/Functions/Engine_MaterialFunctions02/Utility/MakeFloat4.uexp" 144
"../../../Engine/Content/Functions/Engine_MaterialFunctions02/Utility/MakeFloat3.uasset" 145
"../../../Engine/Content/Functions/Engine_MaterialFunctions02/Utility/MakeFloat3.uexp" 146
"../../../Engine/Content/Functions/Engine_MaterialFunctions02/Utility/BreakOutFloat3Components.uasset" 147
"../../../Engine/Content/Functions/Engine_MaterialFunctions02/Utility/BreakOutFloat3Components.uexp" 148
"../../../Engine/Content/EditorMaterials/WorldPartition/WorldPartitionSpatialHashGridPreviewMaterial.uasset" 149
"../../../Engine/Content/EditorMaterials/WorldPartition/WorldPartitionSpatialHashGridPreviewMaterial.uexp" 150
"../../../Engine/Plugins/Runtime/MeshModelingToolset/Content/Materials/M_DynamicMeshComponentVtxColor.uasset" 151
"../../../Engine/Plugins/Runtime/MeshModelingToolset/Content/Materials/M_DynamicMeshComponentVtxColor.uexp" 152
"../../../Engine/Content/EditorResources/S_Terrain.ubulk" 153
"../../../Engine/Content/EditorResources/S_Terrain.uasset" 154
"../../../Engine/Content/EditorResources/S_Terrain.uexp" 155
"../../../Engine/Content/EditorResources/EmptyActor.uasset" 156
"../../../Engine/Content/EditorResources/EmptyActor.uexp" 157
"../../../Engine/Content/EditorResources/BSPVertex.uasset" 158
"../../../Engine/Content/EditorResources/BSPVertex.uexp" 159
"../../../Engine/Content/EditorResources/SequenceRecorder/RecordingIndicator.uasset" 160
"../../../Engine/Content/EditorResources/SequenceRecorder/RecordingIndicator.uexp" 161
"../../../Engine/Content/EditorResources/SequenceRecorder/Countdown.uasset" 162
"../../../Engine/Content/EditorResources/SequenceRecorder/Countdown.uexp" 163
"../../../Engine/Content/EngineDamageTypes/DmgTypeBP_Environmental.uasset" 164
"../../../Engine/Content/EngineDamageTypes/DmgTypeBP_Environmental.uexp" 165
"../../../Engine/Content/Functions/Engine_MaterialFunctions02/Utility/CameraDirectionVector.uasset" 166
"../../../Engine/Content/Functions/Engine_MaterialFunctions02/Utility/CameraDirectionVector.uexp" 167
"../../../Engine/Content/EngineDebugMaterials/VolumeToRender.uasset" 168
"../../../Engine/Content/EngineDebugMaterials/VolumeToRender.uexp" 169
"../../../Engine/Content/EngineDebugMaterials/M_VolumeRenderSphereTracePP.uasset" 170
"../../../Engine/Content/EngineDebugMaterials/M_VolumeRenderSphereTracePP.uexp" 171
"../../../Engine/Content/EngineDebugMaterials/M_SimpleUnlitTranslucent.uasset" 172
"../../../Engine/Content/EngineDebugMaterials/M_SimpleUnlitTranslucent.uexp" 173
"../../../Engine/Content/EngineDebugMaterials/DebugMeshMaterial.uasset" 174
"../../../Engine/Content/EngineDebugMaterials/DebugMeshMaterial.uexp" 175
"../../../Engine/Content/EngineDebugMaterials/DebugEditorMaterial.uasset" 176
"../../../Engine/Content/EngineDebugMaterials/DebugEditorMaterial.uexp" 177
"../../../Engine/Content/EngineFonts/Faces/RobotoLight.uexp" 178
"../../../Engine/Content/EngineFonts/Faces/RobotoLight.uasset" 179
"../../../Engine/Content/EngineFonts/Faces/RobotoLight.ufont" 180
"../../../Engine/Content/EngineFonts/Faces/RobotoBold.uexp" 181
"../../../Engine/Content/EngineFonts/Faces/RobotoBold.uasset" 182
"../../../Engine/Content/EngineFonts/Faces/RobotoBold.ufont" 183
"../../../Engine/Content/EngineFonts/Faces/RobotoRegular.uexp" 184
"../../../Engine/Content/EngineFonts/Faces/RobotoRegular.uasset" 185
"../../../Engine/Content/EngineFonts/Faces/RobotoRegular.ufont" 186
"../../../Engine/Content/EngineFonts/Faces/DroidSansFallback.uexp" 187
"../../../Engine/Content/EngineFonts/Faces/DroidSansFallback.uasset" 188
"../../../Engine/Content/EngineFonts/Faces/DroidSansFallback.ufont" 189
"../../../Engine/Content/EngineFonts/Faces/RobotoItalic.uexp" 190
"../../../Engine/Content/EngineFonts/Faces/RobotoItalic.uasset" 191
"../../../Engine/Content/EngineFonts/Faces/RobotoItalic.ufont" 192
"../../../Engine/Content/EngineFonts/Faces/RobotoBoldItalic.uexp" 193
"../../../Engine/Content/EngineFonts/Faces/RobotoBoldItalic.uasset" 194
"../../../Engine/Content/EngineFonts/Faces/RobotoBoldItalic.ufont" 195
"../../../Engine/Content/EngineFonts/Roboto.uasset" 196
"../../../Engine/Content/EngineFonts/Roboto.uexp" 197
"../../../Engine/Content/EngineResources/WhiteSquareTexture.uasset" 198
"../../../Engine/Content/EngineResources/WhiteSquareTexture.uexp" 199
"../../../Engine/Content/EngineMaterials/Widget3DPassThrough.uasset" 200
"../../../Engine/Content/EngineMaterials/Widget3DPassThrough.uexp" 201
"../../../Engine/Content/EngineMaterials/Widget3DPassThrough_Translucent.uasset" 202
"../../../Engine/Content/EngineMaterials/Widget3DPassThrough_Translucent.uexp" 203
"../../../Engine/Content/EngineMaterials/Widget3DPassThrough_Translucent_OneSided.uasset" 204
"../../../Engine/Content/EngineMaterials/Widget3DPassThrough_Translucent_OneSided.uexp" 205
"../../../Engine/Content/EngineMaterials/Widget3DPassThrough_Opaque.uasset" 206
"../../../Engine/Content/EngineMaterials/Widget3DPassThrough_Opaque.uexp" 207
"../../../Engine/Content/EngineMaterials/Widget3DPassThrough_Opaque_OneSided.uasset" 208
"../../../Engine/Content/EngineMaterials/Widget3DPassThrough_Opaque_OneSided.uexp" 209
"../../../Engine/Content/EngineMaterials/Widget3DPassThrough_Masked_OneSided.uasset" 210
"../../../Engine/Content/EngineMaterials/Widget3DPassThrough_Masked_OneSided.uexp" 211
"../../../Engine/Content/EngineMaterials/Widget3DPassThrough_Masked.uasset" 212
"../../../Engine/Content/EngineMaterials/Widget3DPassThrough_Masked.uexp" 213
"../../../Engine/Plugins/Interchange/Runtime/Content/Pipelines/DefaultSceneAssetsPipeline.uasset" 214
"../../../Engine/Plugins/Interchange/Runtime/Content/Pipelines/DefaultSceneAssetsPipeline.uexp" 215
"../../../Engine/Content/EngineMaterials/STBlueNoise_vec2_128x128x64.uasset" 216
"../../../Engine/Content/EngineMaterials/STBlueNoise_vec2_128x128x64.uexp" 217
"../../../Engine/Content/EngineMaterials/STBlueNoise_scalar_128x128x64.uasset" 218
"../../../Engine/Content/EngineMaterials/STBlueNoise_scalar_128x128x64.uexp" 219
"../../../Engine/Content/EngineMaterials/RemoveSurfaceMaterial.uasset" 220
"../../../Engine/Content/EngineMaterials/RemoveSurfaceMaterial.uexp" 221
"../../../Engine/Content/EngineMaterials/DefaultCalibrationGrayscale.uasset" 222
"../../../Engine/Content/EngineMaterials/DefaultCalibrationGrayscale.uexp" 223
"../../../Engine/Content/EngineMaterials/PPM_DefaultCalibrationGrayscale.uasset" 224
"../../../Engine/Content/EngineMaterials/PPM_DefaultCalibrationGrayscale.uexp" 225
"../../../Engine/Content/EngineMaterials/DefaultCalibrationColor.uasset" 226
"../../../Engine/Content/EngineMaterials/DefaultCalibrationColor.uexp" 227
"../../../Engine/Content/EngineMaterials/PPM_DefaultCalibrationColor.uasset" 228
"../../../Engine/Content/EngineMaterials/PPM_DefaultCalibrationColor.uexp" 229
"../../../Engine/Content/Functions/Engine_MaterialFunctions02/WorldPositionOffset/CameraOffset.uasset" 230
"../../../Engine/Content/Functions/Engine_MaterialFunctions02/WorldPositionOffset/CameraOffset.uexp" 231
"../../../Engine/Content/EngineMaterials/PhAT_JointLimitMaterial.uasset" 232
"../../../Engine/Content/EngineMaterials/PhAT_JointLimitMaterial.uexp" 233
"../../../Engine/Content/EngineMaterials/InvalidLightmapSettings.ubulk" 234
"../../../Engine/Content/EngineMaterials/InvalidLightmapSettings.uasset" 235
"../../../Engine/Content/EngineMaterials/InvalidLightmapSettings.uexp" 236
"../../../Engine/Content/EngineMaterials/M_InvalidLightmapSettings.uasset" 237
"../../../Engine/Content/EngineMaterials/M_InvalidLightmapSettings.uexp" 238
"../../../Engine/Plugins/Interchange/Runtime/Content/Pipelines/DefaultMaterialPipeline.uasset" 239
"../../../Engine/Plugins/Interchange/Runtime/Content/Pipelines/DefaultMaterialPipeline.uexp" 240
"../../../Engine/Content/EngineMaterials/GizmoMaterial.uasset" 241
"../../../Engine/Content/EngineMaterials/GizmoMaterial.uexp" 242
"../../../Engine/Content/EngineMaterials/BaseFlattenEmissiveMap_VT.uasset" 243
"../../../Engine/Content/EngineMaterials/BaseFlattenEmissiveMap_VT.uexp" 244
"../../../Engine/Content/EngineMaterials/BaseFlattenGrayscaleMap_VT.uasset" 245
"../../../Engine/Content/EngineMaterials/BaseFlattenGrayscaleMap_VT.uexp" 246
"../../../Engine/Content/EngineMaterials/BaseFlattenLinearColor_VT.uasset" 247
"../../../Engine/Content/EngineMaterials/BaseFlattenLinearColor_VT.uexp" 248
"../../../Engine/Content/EngineMaterials/Black_1x1_EXR_Texture_VT.uasset" 249
"../../../Engine/Content/EngineMaterials/Black_1x1_EXR_Texture_VT.uexp" 250
"../../../Engine/Content/EngineMaterials/BaseFlattenDiffuseMap_VT.uasset" 251
"../../../Engine/Content/EngineMaterials/BaseFlattenDiffuseMap_VT.uexp" 252
"../../../Engine/Content/EngineMaterials/BaseFlattenNormalMap_VT.uasset" 253
"../../../Engine/Content/EngineMaterials/BaseFlattenNormalMap_VT.uexp" 254
"../../../Engine/Content/EngineMaterials/FlattenMaterial_WS_Normal_VT.uasset" 255
"../../../Engine/Content/EngineMaterials/FlattenMaterial_WS_Normal_VT.uexp" 256
"../../../Engine/Content/EngineMaterials/FlattenMaterial_VT.uasset" 257
"../../../Engine/Content/EngineMaterials/FlattenMaterial_VT.uexp" 258
"../../../Engine/Content/EngineMaterials/BaseFlattenNormalMap.uasset" 259
"../../../Engine/Content/EngineMaterials/BaseFlattenNormalMap.uexp" 260
"../../../Engine/Content/EngineMaterials/BaseFlattenGrayscaleMap.uasset" 261
"../../../Engine/Content/EngineMaterials/BaseFlattenGrayscaleMap.uexp" 262
"../../../Engine/Content/EngineMaterials/BaseFlattenDiffuseMap.uasset" 263
"../../../Engine/Content/EngineMaterials/BaseFlattenDiffuseMap.uexp" 264
"../../../Engine/Content/Functions/Engine_MaterialFunctions02/PivotPainter2/Black_1x1_EXR_Texture.uasset" 265
"../../../Engine/Content/Functions/Engine_MaterialFunctions02/PivotPainter2/Black_1x1_EXR_Texture.uexp" 266
"../../../Engine/Content/EngineMaterials/BaseFlattenEmissiveMap.uasset" 267
"../../../Engine/Content/EngineMaterials/BaseFlattenEmissiveMap.uexp" 268
"../../../Engine/Content/EngineMaterials/BaseFlattenLinearColor.uasset" 269
"../../../Engine/Content/EngineMaterials/BaseFlattenLinearColor.uexp" 270
"../../../Engine/Content/EngineMaterials/FlattenMaterial.uasset" 271
"../../../Engine/Content/EngineMaterials/FlattenMaterial.uexp" 272
"../../../Engine/Content/EngineMaterials/DefaultWhiteGrid_Low.uasset" 273
"../../../Engine/Content/EngineMaterials/DefaultWhiteGrid_Low.uexp" 274
"../../../Engine/Content/EngineMaterials/EmissiveMeshMaterial.uasset" 275
"../../../Engine/Content/EngineMaterials/EmissiveMeshMaterial.uexp" 276
"../../../Engine/Plugins/Interchange/Runtime/Content/Pipelines/DefaultSceneLevelPipeline.uasset" 277
"../../../Engine/Plugins/Interchange/Runtime/Content/Pipelines/DefaultSceneLevelPipeline.uexp" 278
"../../../Engine/Content/EngineFonts/RobotoDistanceField.uasset" 279
"../../../Engine/Content/EngineFonts/RobotoDistanceField.uexp" 280
"../../../Engine/Content/EngineMaterials/DefaultTextMaterialOpaque.uasset" 281
"../../../Engine/Content/EngineMaterials/DefaultTextMaterialOpaque.uexp" 282
"../../../Engine/Content/EngineMaterials/DefaultDiffuse.ubulk" 283
"../../../Engine/Content/EngineMaterials/DefaultDiffuse.uasset" 284
"../../../Engine/Content/EngineMaterials/DefaultDiffuse.uexp" 285
"../../../Engine/Content/Functions/Engine_MaterialFunctions02/Utility/BreakOutFloat2Components.uasset" 286
"../../../Engine/Content/Functions/Engine_MaterialFunctions02/Utility/BreakOutFloat2Components.uexp" 287
"../../../Engine/Content/EngineMaterials/DefaultPostProcessMaterial.uasset" 288
"../../../Engine/Content/EngineMaterials/DefaultPostProcessMaterial.uexp" 289
"../../../Engine/Content/EngineMaterials/DefaultPhysicalMaterial.uasset" 290
"../../../Engine/Content/EngineMaterials/DefaultPhysicalMaterial.uexp" 291
"../../../Engine/Content/EngineMaterials/DefaultLightFunctionMaterial.uasset" 292
"../../../Engine/Content/EngineMaterials/DefaultLightFunctionMaterial.uexp" 293
"../../../Engine/Content/EngineMaterials/DefaultDestructiblePhysicalMaterial.uasset" 294
"../../../Engine/Content/EngineMaterials/DefaultDestructiblePhysicalMaterial.uexp" 295
"../../../Engine/Content/EngineMaterials/DefaultDeferredDecalMaterial.uasset" 296
"../../../Engine/Content/EngineMaterials/DefaultDeferredDecalMaterial.uexp" 297
"../../../Engine/Plugins/Interchange/Runtime/Content/Pipelines/DefaultAssetsPipeline.uasset" 298
"../../../Engine/Plugins/Interchange/Runtime/Content/Pipelines/DefaultAssetsPipeline.uexp" 299
"../../../Engine/Content/EngineMaterials/DefaultBloomKernel.uasset" 300
"../../../Engine/Content/EngineMaterials/DefaultBloomKernel.uexp" 301
"../../../Engine/Content/BasicShapes/Plane.uasset" 302
"../../../Engine/Content/BasicShapes/Plane.uexp" 303
"../../../Engine/Content/Functions/Engine_MaterialFunctions02/Utility/VectorLength.uasset" 304
"../../../Engine/Content/Functions/Engine_MaterialFunctions02/Utility/VectorLength.uexp" 305
"../../../Engine/Content/Functions/Engine_MaterialFunctions01/Opacity/Chroma_Key_Alpha.uasset" 306
"../../../Engine/Content/Functions/Engine_MaterialFunctions01/Opacity/Chroma_Key_Alpha.uexp" 307
"../../../Engine/Plugins/Compositing/OpenCVLensDistortion/Content/Materials/MF_UVOutOfBoundMask.uasset" 308
"../../../Engine/Plugins/Compositing/OpenCVLensDistortion/Content/Materials/MF_UVOutOfBoundMask.uexp" 309
"../../../Engine/Content/Functions/Engine_MaterialFunctions02/SplitComponents.uasset" 310
"../../../Engine/Content/Functions/Engine_MaterialFunctions02/SplitComponents.uexp" 311
"../../../Engine/Plugins/Compositing/OpenCVLensDistortion/Content/Materials/MF_UVLensDisplacement.uasset" 312
"../../../Engine/Plugins/Compositing/OpenCVLensDistortion/Content/Materials/MF_UVLensDisplacement.uexp" 313
"../../../Engine/Content/Functions/Engine_MaterialFunctions01/Chromakeying/DespillByAvg.uasset" 314
"../../../Engine/Content/Functions/Engine_MaterialFunctions01/Chromakeying/DespillByAvg.uexp" 315
"../../../Engine/Content/Functions/Engine_MaterialFunctions01/Chromakeying/DespillManual.uasset" 316
"../../../Engine/Content/Functions/Engine_MaterialFunctions01/Chromakeying/DespillManual.uexp" 317
"../../../Engine/Plugins/Media/MediaFrameworkUtilities/Content/T_VideoInputFailed.uasset" 318
"../../../Engine/Plugins/Media/MediaFrameworkUtilities/Content/T_VideoInputFailed.uexp" 319
"../../../Engine/Plugins/Media/MediaFrameworkUtilities/Content/T_DefaultMedia.uasset" 320
"../../../Engine/Plugins/Media/MediaFrameworkUtilities/Content/T_DefaultMedia.uexp" 321
"../../../Engine/Content/Functions/Engine_MaterialFunctions01/Texturing/UVCropping.uasset" 322
"../../../Engine/Content/Functions/Engine_MaterialFunctions01/Texturing/UVCropping.uexp" 323
"../../../Engine/Content/Functions/Engine_MaterialFunctions01/ImageAdjustment/SCurve.uasset" 324
"../../../Engine/Content/Functions/Engine_MaterialFunctions01/ImageAdjustment/SCurve.uexp" 325
"../../../Engine/Content/Functions/Engine_MaterialFunctions02/HueShift.uasset" 326
"../../../Engine/Content/Functions/Engine_MaterialFunctions02/HueShift.uexp" 327
"../../../Engine/Content/Functions/Engine_MaterialFunctions01/ImageAdjustment/ColorCorrection.uasset" 328
"../../../Engine/Content/Functions/Engine_MaterialFunctions01/ImageAdjustment/ColorCorrection.uexp" 329
"../../../Engine/Content/EngineResources/Black.uasset" 330
"../../../Engine/Content/EngineResources/Black.uexp" 331
"../../../Engine/Content/MaterialTemplates/Chromakeying/MF_Chromakeyer.uasset" 332
"../../../Engine/Content/MaterialTemplates/Chromakeying/MF_Chromakeyer.uexp" 333
"../../../Engine/Plugins/Media/MediaFrameworkUtilities/Content/M_DefaultMedia.uasset" 334
"../../../Engine/Plugins/Media/MediaFrameworkUtilities/Content/M_DefaultMedia.uexp" 335
"../../../Engine/Plugins/Media/MediaFrameworkUtilities/Content/BP_MediaBundle_Plane_16-9.uasset" 336
"../../../Engine/Plugins/Media/MediaFrameworkUtilities/Content/BP_MediaBundle_Plane_16-9.uexp" 337
"../../../Engine/Content/EngineResources/FilmGrains/Marcie_Grain_v3_128_M2_000.uasset" 338
"../../../Engine/Content/EngineResources/FilmGrains/Marcie_Grain_v3_128_M2_000.uexp" 339
"../../../Engine/Content/EngineSky/VolumetricClouds/CloudWeatherTexture.uasset" 340
"../../../Engine/Content/EngineSky/VolumetricClouds/CloudWeatherTexture.uexp" 341
"../../../Engine/Content/Functions/Engine_MaterialFunctions02/Utility/MakeFloat2.uasset" 342
"../../../Engine/Content/Functions/Engine_MaterialFunctions02/Utility/MakeFloat2.uexp" 343
"../../../Engine/Content/EngineSky/VolumetricClouds/CloudGradientTexture.uasset" 344
"../../../Engine/Content/EngineSky/VolumetricClouds/CloudGradientTexture.uexp" 345
"../../../Engine/Content/EngineSky/VolumetricClouds/T_NoiseShape64.ubulk" 346
"../../../Engine/Content/EngineSky/VolumetricClouds/T_NoiseShape64.uasset" 347
"../../../Engine/Content/EngineSky/VolumetricClouds/T_NoiseShape64.uexp" 348
"../../../Engine/Content/EngineSky/VolumetricClouds/T_VolumeNoiseShape64.uasset" 349
"../../../Engine/Content/EngineSky/VolumetricClouds/T_VolumeNoiseShape64.uexp" 350
"../../../Engine/Content/EngineSky/VolumetricClouds/T_NoiseErosion.ubulk" 351
"../../../Engine/Content/EngineSky/VolumetricClouds/T_NoiseErosion.uasset" 352
"../../../Engine/Content/EngineSky/VolumetricClouds/T_NoiseErosion.uexp" 353
"../../../Engine/Content/EngineSky/VolumetricClouds/T_VolumeNoiseErosion32.uasset" 354
"../../../Engine/Content/EngineSky/VolumetricClouds/T_VolumeNoiseErosion32.uexp" 355
"../../../Engine/Content/EngineSky/VolumetricClouds/m_SimpleVolumetricCloud.uasset" 356
"../../../Engine/Content/EngineSky/VolumetricClouds/m_SimpleVolumetricCloud.uexp" 357
"../../../Engine/Content/EngineSky/VolumetricClouds/m_SimpleVolumetricCloud_Inst.uasset" 358
"../../../Engine/Content/EngineSky/VolumetricClouds/m_SimpleVolumetricCloud_Inst.uexp" 359
"../../../Engine/Content/EngineSounds/Master.uasset" 360
"../../../Engine/Content/EngineSounds/Master.uexp" 361
"../../../Engine/Content/Functions/Engine_MaterialFunctions01/Shading/PowerToRoughness.uasset" 362
"../../../Engine/Content/Functions/Engine_MaterialFunctions01/Shading/PowerToRoughness.uexp" 363
"../../../Engine/Content/MobileResources/HUD/VirtualJoystick_Background.uasset" 364
"../../../Engine/Content/MobileResources/HUD/VirtualJoystick_Background.uexp" 365
"../../../Engine/Content/MobileResources/HUD/VirtualJoystick_Thumb.uasset" 366
"../../../Engine/Content/MobileResources/HUD/VirtualJoystick_Thumb.uexp" 367
"../../../Engine/Content/MobileResources/HUD/DefaultVirtualJoysticks.uasset" 368
"../../../Engine/Content/MobileResources/HUD/DefaultVirtualJoysticks.uexp" 369
"../../../Engine/Plugins/2D/Paper2D/Content/PlaceholderTextures/DummySpriteTexture.ubulk" 370
"../../../Engine/Plugins/2D/Paper2D/Content/PlaceholderTextures/DummySpriteTexture.uasset" 371
"../../../Engine/Plugins/2D/Paper2D/Content/PlaceholderTextures/DummySpriteTexture.uexp" 372
"../../../Engine/Plugins/2D/Paper2D/Content/DefaultSpriteMaterial.uasset" 373
"../../../Engine/Plugins/2D/Paper2D/Content/DefaultSpriteMaterial.uexp" 374
"../../../Engine/Plugins/2D/Paper2D/Content/OpaqueUnlitSpriteMaterial.uasset" 375
"../../../Engine/Plugins/2D/Paper2D/Content/OpaqueUnlitSpriteMaterial.uexp" 376
"../../../Engine/Plugins/2D/Paper2D/Content/MaskedUnlitSpriteMaterial.uasset" 377
"../../../Engine/Plugins/2D/Paper2D/Content/MaskedUnlitSpriteMaterial.uexp" 378
"../../../Engine/Plugins/2D/Paper2D/Content/DummySprite.uasset" 379
"../../../Engine/Plugins/2D/Paper2D/Content/DummySprite.uexp" 380
"../../../Engine/Plugins/2D/Paper2D/Content/DefaultPaperTerrainMaterial.uasset" 381
"../../../Engine/Plugins/2D/Paper2D/Content/DefaultPaperTerrainMaterial.uexp" 382
"../../../Engine/Plugins/Animation/ControlRig/Content/M_Manip.uasset" 383
"../../../Engine/Plugins/Animation/ControlRig/Content/M_Manip.uexp" 384
"../../../Engine/Plugins/Animation/ControlRig/Content/Controls/DefaultGizmoLibraryNormalized.uasset" 385
"../../../Engine/Plugins/Animation/ControlRig/Content/Controls/DefaultGizmoLibraryNormalized.uexp" 386
"../../../Engine/Plugins/Animation/ControlRig/Content/Controls/ControlRig_Wedge_solid.uasset" 387
"../../../Engine/Plugins/Animation/ControlRig/Content/Controls/ControlRig_Wedge_solid.uexp" 388
"../../../Engine/Plugins/Animation/ControlRig/Content/Controls/ControlRig_Wedge_3mm.uasset" 389
"../../../Engine/Plugins/Animation/ControlRig/Content/Controls/ControlRig_Wedge_3mm.uexp" 390
"../../../Engine/Plugins/Animation/ControlRig/Content/Controls/ControlRig_Wedge_1mm.uasset" 391
"../../../Engine/Plugins/Animation/ControlRig/Content/Controls/ControlRig_Wedge_1mm.uexp" 392
"../../../Engine/Plugins/Animation/ControlRig/Content/Controls/ControlRig_Triangle_solid.uasset" 393
"../../../Engine/Plugins/Animation/ControlRig/Content/Controls/ControlRig_Triangle_solid.uexp" 394
"../../../Engine/Plugins/Animation/ControlRig/Content/Controls/ControlRig_Triangle_3mm.uasset" 395
"../../../Engine/Plugins/Animation/ControlRig/Content/Controls/ControlRig_Triangle_3mm.uexp" 396
"../../../Engine/Plugins/Animation/ControlRig/Content/Controls/ControlRig_Triangle_1mm.uasset" 397
"../../../Engine/Plugins/Animation/ControlRig/Content/Controls/ControlRig_Triangle_1mm.uexp" 398
"../../../Engine/Plugins/Animation/ControlRig/Content/Controls/ControlRig_Star4_solid.uasset" 399
"../../../Engine/Plugins/Animation/ControlRig/Content/Controls/ControlRig_Star4_solid.uexp" 400
"../../../Engine/Plugins/Animation/ControlRig/Content/Controls/ControlRig_Star4_3mm.uasset" 401
"../../../Engine/Plugins/Animation/ControlRig/Content/Controls/ControlRig_Star4_3mm.uexp" 402
"../../../Engine/Plugins/Animation/ControlRig/Content/Controls/ControlRig_Star4_1mm.uasset" 403
"../../../Engine/Plugins/Animation/ControlRig/Content/Controls/ControlRig_Star4_1mm.uexp" 404
"../../../Engine/Plugins/Animation/ControlRig/Content/Controls/ControlRig_Square_solid.uasset" 405
"../../../Engine/Plugins/Animation/ControlRig/Content/Controls/ControlRig_Square_solid.uexp" 406
"../../../Engine/Plugins/Animation/ControlRig/Content/Controls/ControlRig_Square_3mm.uasset" 407
"../../../Engine/Plugins/Animation/ControlRig/Content/Controls/ControlRig_Square_3mm.uexp" 408
"../../../Engine/Plugins/Animation/ControlRig/Content/Controls/ControlRig_Square_1mm.uasset" 409
"../../../Engine/Plugins/Animation/ControlRig/Content/Controls/ControlRig_Square_1mm.uexp" 410
"../../../Engine/Plugins/Animation/ControlRig/Content/Controls/ControlRig_Sphere_solid.uasset" 411
"../../../Engine/Plugins/Animation/ControlRig/Content/Controls/ControlRig_Sphere_solid.uexp" 412
"../../../Engine/Plugins/Animation/ControlRig/Content/Controls/ControlRig_Sphere_3mm.uasset" 413
"../../../Engine/Plugins/Animation/ControlRig/Content/Controls/ControlRig_Sphere_3mm.uexp" 414
"../../../Engine/Plugins/Animation/ControlRig/Content/Controls/ControlRig_Sphere_1mm.uasset" 415
"../../../Engine/Plugins/Animation/ControlRig/Content/Controls/ControlRig_Sphere_1mm.uexp" 416
"../../../Engine/Plugins/Animation/ControlRig/Content/Controls/ControlRig_RoundedTriangle_solid.uasset" 417
"../../../Engine/Plugins/Animation/ControlRig/Content/Controls/ControlRig_RoundedTriangle_solid.uexp" 418
"../../../Engine/Plugins/Animation/ControlRig/Content/Controls/ControlRig_RoundedTriangle_3mm.uasset" 419
"../../../Engine/Plugins/Animation/ControlRig/Content/Controls/ControlRig_RoundedTriangle_3mm.uexp" 420
"../../../Engine/Plugins/Animation/ControlRig/Content/Controls/ControlRig_RoundedTriangle_1mm.uasset" 421
"../../../Engine/Plugins/Animation/ControlRig/Content/Controls/ControlRig_RoundedTriangle_1mm.uexp" 422
"../../../Engine/Plugins/Animation/ControlRig/Content/Controls/ControlRig_RoundedSquare_solid.uasset" 423
"../../../Engine/Plugins/Animation/ControlRig/Content/Controls/ControlRig_RoundedSquare_solid.uexp" 424
"../../../Engine/Plugins/Animation/ControlRig/Content/Controls/ControlRig_RoundedSquare_3mm.uasset" 425
"../../../Engine/Plugins/Animation/ControlRig/Content/Controls/ControlRig_RoundedSquare_3mm.uexp" 426
"../../../Engine/Plugins/Animation/ControlRig/Content/Controls/ControlRig_RoundedSquare_1mm.uasset" 427
"../../../Engine/Plugins/Animation/ControlRig/Content/Controls/ControlRig_RoundedSquare_1mm.uexp" 428
"../../../Engine/Plugins/Animation/ControlRig/Content/Controls/ControlRig_QuarterCircle_solid.uasset" 429
"../../../Engine/Plugins/Animation/ControlRig/Content/Controls/ControlRig_QuarterCircle_solid.uexp" 430
"../../../Engine/Plugins/Animation/ControlRig/Content/Controls/ControlRig_QuarterCircle_3mm.uasset" 431
"../../../Engine/Plugins/Animation/ControlRig/Content/Controls/ControlRig_QuarterCircle_3mm.uexp" 432
"../../../Engine/Plugins/Animation/ControlRig/Content/Controls/ControlRig_QuarterCircle_1mm.uasset" 433
"../../../Engine/Plugins/Animation/ControlRig/Content/Controls/ControlRig_QuarterCircle_1mm.uexp" 434
"../../../Engine/Plugins/Animation/ControlRig/Content/Controls/ControlRig_Pyramid_solid.uasset" 435
"../../../Engine/Plugins/Animation/ControlRig/Content/Controls/ControlRig_Pyramid_solid.uexp" 436
"../../../Engine/Plugins/Animation/ControlRig/Content/Controls/ControlRig_Pyramid_3mm.uasset" 437
"../../../Engine/Plugins/Animation/ControlRig/Content/Controls/ControlRig_Pyramid_3mm.uexp" 438
"../../../Engine/Plugins/Animation/ControlRig/Content/Controls/ControlRig_Pyramid_1mm.uasset" 439
"../../../Engine/Plugins/Animation/ControlRig/Content/Controls/ControlRig_Pyramid_1mm.uexp" 440
"../../../Engine/Plugins/Animation/ControlRig/Content/Controls/ControlRig_Octagon_solid.uasset" 441
"../../../Engine/Plugins/Animation/ControlRig/Content/Controls/ControlRig_Octagon_solid.uexp" 442
"../../../Engine/Plugins/Animation/ControlRig/Content/Controls/ControlRig_Octagon_3mm.uasset" 443
"../../../Engine/Plugins/Animation/ControlRig/Content/Controls/ControlRig_Octagon_3mm.uexp" 444
"../../../Engine/Plugins/Animation/ControlRig/Content/Controls/ControlRig_Octagon_1mm.uasset" 445
"../../../Engine/Plugins/Animation/ControlRig/Content/Controls/ControlRig_Octagon_1mm.uexp" 446
"../../../Engine/Plugins/Animation/ControlRig/Content/Controls/ControlRig_Hexagon_solid.uasset" 447
"../../../Engine/Plugins/Animation/ControlRig/Content/Controls/ControlRig_Hexagon_solid.uexp" 448
"../../../Engine/Plugins/Animation/ControlRig/Content/Controls/ControlRig_Hexagon_3mm.uasset" 449
"../../../Engine/Plugins/Animation/ControlRig/Content/Controls/ControlRig_Hexagon_3mm.uexp" 450
"../../../Engine/Plugins/Animation/ControlRig/Content/Controls/ControlRig_Hexagon_1mm.uasset" 451
"../../../Engine/Plugins/Animation/ControlRig/Content/Controls/ControlRig_Hexagon_1mm.uexp" 452
"../../../Engine/Plugins/Animation/ControlRig/Content/Controls/ControlRig_HalfCircle_solid.uasset" 453
"../../../Engine/Plugins/Animation/ControlRig/Content/Controls/ControlRig_HalfCircle_solid.uexp" 454
"../../../Engine/Plugins/Animation/ControlRig/Content/Controls/ControlRig_HalfCircle_3mm.uasset" 455
"../../../Engine/Plugins/Animation/ControlRig/Content/Controls/ControlRig_HalfCircle_3mm.uexp" 456
"../../../Engine/Plugins/Animation/ControlRig/Content/Controls/ControlRig_HalfCircle_1mm.uasset" 457
"../../../Engine/Plugins/Animation/ControlRig/Content/Controls/ControlRig_HalfCircle_1mm.uexp" 458
"../../../Engine/Plugins/Animation/ControlRig/Content/Controls/ControlRig_Diamond_solid.uasset" 459
"../../../Engine/Plugins/Animation/ControlRig/Content/Controls/ControlRig_Diamond_solid.uexp" 460
"../../../Engine/Plugins/Animation/ControlRig/Content/Controls/ControlRig_Diamond_3mm.uasset" 461
"../../../Engine/Plugins/Animation/ControlRig/Content/Controls/ControlRig_Diamond_3mm.uexp" 462
"../../../Engine/Plugins/Animation/ControlRig/Content/Controls/ControlRig_Diamond_1mm.uasset" 463
"../../../Engine/Plugins/Animation/ControlRig/Content/Controls/ControlRig_Diamond_1mm.uexp" 464
"../../../Engine/Plugins/Animation/ControlRig/Content/Controls/ControlRig_Circle_solid.uasset" 465
"../../../Engine/Plugins/Animation/ControlRig/Content/Controls/ControlRig_Circle_solid.uexp" 466
"../../../Engine/Plugins/Animation/ControlRig/Content/Controls/ControlRig_Circle_3mm.uasset" 467
"../../../Engine/Plugins/Animation/ControlRig/Content/Controls/ControlRig_Circle_3mm.uexp" 468
"../../../Engine/Plugins/Animation/ControlRig/Content/Controls/ControlRig_Circle_1mm.uasset" 469
"../../../Engine/Plugins/Animation/ControlRig/Content/Controls/ControlRig_Circle_1mm.uexp" 470
"../../../Engine/Plugins/Animation/ControlRig/Content/Controls/ControlRig_Box_solid.uasset" 471
"../../../Engine/Plugins/Animation/ControlRig/Content/Controls/ControlRig_Box_solid.uexp" 472
"../../../Engine/Plugins/Animation/ControlRig/Content/Controls/ControlRig_Box_3mm.uasset" 473
"../../../Engine/Plugins/Animation/ControlRig/Content/Controls/ControlRig_Box_3mm.uexp" 474
"../../../Engine/Plugins/Animation/ControlRig/Content/Controls/ControlRig_Box_1mm.uasset" 475
"../../../Engine/Plugins/Animation/ControlRig/Content/Controls/ControlRig_Box_1mm.uexp" 476
"../../../Engine/Plugins/Animation/ControlRig/Content/Controls/ControlRig_Arrow_solid.uasset" 477
"../../../Engine/Plugins/Animation/ControlRig/Content/Controls/ControlRig_Arrow_solid.uexp" 478
"../../../Engine/Plugins/Animation/ControlRig/Content/Controls/ControlRig_Arrow_3mm.uasset" 479
"../../../Engine/Plugins/Animation/ControlRig/Content/Controls/ControlRig_Arrow_3mm.uexp" 480
"../../../Engine/Plugins/Animation/ControlRig/Content/Controls/ControlRig_Arrow_1mm.uasset" 481
"../../../Engine/Plugins/Animation/ControlRig/Content/Controls/ControlRig_Arrow_1mm.uexp" 482
"../../../Engine/Plugins/Animation/ControlRig/Content/Controls/ControlRig_Arrow4_solid.uasset" 483
"../../../Engine/Plugins/Animation/ControlRig/Content/Controls/ControlRig_Arrow4_solid.uexp" 484
"../../../Engine/Plugins/Animation/ControlRig/Content/Controls/ControlRig_Arrow4_3mm.uasset" 485
"../../../Engine/Plugins/Animation/ControlRig/Content/Controls/ControlRig_Arrow4_3mm.uexp" 486
"../../../Engine/Plugins/Animation/ControlRig/Content/Controls/ControlRig_Arrow4_1mm.uasset" 487
"../../../Engine/Plugins/Animation/ControlRig/Content/Controls/ControlRig_Arrow4_1mm.uexp" 488
"../../../Engine/Plugins/Animation/ControlRig/Content/Controls/ControlRig_Arrow2_solid.uasset" 489
"../../../Engine/Plugins/Animation/ControlRig/Content/Controls/ControlRig_Arrow2_solid.uexp" 490
"../../../Engine/Plugins/Animation/ControlRig/Content/Controls/ControlRig_Arrow2_3mm.uasset" 491
"../../../Engine/Plugins/Animation/ControlRig/Content/Controls/ControlRig_Arrow2_3mm.uexp" 492
"../../../Engine/Plugins/Animation/ControlRig/Content/Controls/ControlRig_Arrow2_1mm.uasset" 493
"../../../Engine/Plugins/Animation/ControlRig/Content/Controls/ControlRig_Arrow2_1mm.uexp" 494
"../../../Engine/Plugins/Animation/ControlRig/Content/Controls/ControlRigXRayMaterial.uasset" 495
"../../../Engine/Plugins/Animation/ControlRig/Content/Controls/ControlRigXRayMaterial.uexp" 496
"../../../Engine/Plugins/Animation/ControlRig/Content/Controls/ControlRigGizmoMaterial.uasset" 497
"../../../Engine/Plugins/Animation/ControlRig/Content/Controls/ControlRigGizmoMaterial.uexp" 498
"../../../Engine/Plugins/Compositing/Composure/Content/Materials/Compositing/UnpreMult.uasset" 499
"../../../Engine/Plugins/Compositing/Composure/Content/Materials/Compositing/UnpreMult.uexp" 500
"../../../Engine/Content/Functions/Engine_MaterialFunctions02/SmoothStep.uasset" 501
"../../../Engine/Content/Functions/Engine_MaterialFunctions02/SmoothStep.uexp" 502
"../../../Engine/Content/Functions/Engine_MaterialFunctions01/Chromakeying/RGBtoHSV.uasset" 503
"../../../Engine/Content/Functions/Engine_MaterialFunctions01/Chromakeying/RGBtoHSV.uexp" 504
"../../../Engine/Plugins/Compositing/Composure/Content/Materials/Compositing/PreMult.uasset" 505
"../../../Engine/Plugins/Compositing/Composure/Content/Materials/Compositing/PreMult.uexp" 506
"../../../Engine/Plugins/Compositing/Composure/Content/Materials/ChromaKeying/M_SinglePassDespill.uasset" 507
"../../../Engine/Plugins/Compositing/Composure/Content/Materials/ChromaKeying/M_SinglePassDespill.uexp" 508
"../../../Engine/Plugins/Compositing/Composure/Content/Materials/Compositing/M_AlphaScale.uasset" 509
"../../../Engine/Plugins/Compositing/Composure/Content/Materials/Compositing/M_AlphaScale.uexp" 510
"../../../Engine/Plugins/Compositing/Composure/Content/Materials/Media/T_EmptyMediaTexture.uasset" 511
"../../../Engine/Plugins/Compositing/Composure/Content/Materials/Media/T_EmptyMediaTexture.uexp" 512
"../../../Engine/Plugins/Compositing/Composure/Content/Materials/Media/M_VideoPlateDefault.uasset" 513
"../../../Engine/Plugins/Compositing/Composure/Content/Materials/Media/M_VideoPlateDefault.uexp" 514
"../../../Engine/Plugins/Compositing/Composure/Content/Materials/Media/M_StaticVideoPlateDebug.uasset" 515
"../../../Engine/Plugins/Compositing/Composure/Content/Materials/Media/M_StaticVideoPlateDebug.uexp" 516
"../../../Engine/Plugins/Compositing/Composure/Content/Materials/PassSetup/ComposureBeforeTranslucencySetBlack.uasset" 517
"../../../Engine/Plugins/Compositing/Composure/Content/Materials/PassSetup/ComposureBeforeTranslucencySetBlack.uexp" 518
"../../../Engine/Plugins/Compositing/Composure/Content/Materials/ReplaceTonemapper/ComposureReplaceTonemapperComposeBloom.uasset" 519
"../../../Engine/Plugins/Compositing/Composure/Content/Materials/ReplaceTonemapper/ComposureReplaceTonemapperComposeBloom.uexp" 520
"../../../Engine/Plugins/Compositing/Composure/Content/Materials/ReplaceTonemapper/ComposureReplaceTonemapperByTexture.uasset" 521
"../../../Engine/Plugins/Compositing/Composure/Content/Materials/ReplaceTonemapper/ComposureReplaceTonemapperByTexture.uexp" 522
"../../../Engine/Plugins/Editor/SpeedTreeImporter/Content/SpeedTree9/game_wind_noise.ubulk" 523
"../../../Engine/Plugins/Editor/SpeedTreeImporter/Content/SpeedTree9/game_wind_noise.uasset" 524
"../../../Engine/Plugins/Editor/SpeedTreeImporter/Content/SpeedTree9/game_wind_noise.uexp" 525
"../../../Engine/Plugins/Editor/SpeedTreeImporter/Content/SpeedTree9/UnpackDirection.uasset" 526
"../../../Engine/Plugins/Editor/SpeedTreeImporter/Content/SpeedTree9/UnpackDirection.uexp" 527
"../../../Engine/Content/Functions/Engine_MaterialFunctions02/ObjectLocalBounds.uasset" 528
"../../../Engine/Content/Functions/Engine_MaterialFunctions02/ObjectLocalBounds.uexp" 529
"../../../Engine/Content/Functions/Engine_MaterialFunctions02/UVs/BoundingBoxBased_0-1_UVW.uasset" 530
"../../../Engine/Content/Functions/Engine_MaterialFunctions02/UVs/BoundingBoxBased_0-1_UVW.uexp" 531
"../../../Engine/Plugins/Editor/SpeedTreeImporter/Content/SpeedTree9/UnpackInteger3.uasset" 532
"../../../Engine/Plugins/Editor/SpeedTreeImporter/Content/SpeedTree9/UnpackInteger3.uexp" 533
"../../../Engine/Plugins/Editor/SpeedTreeImporter/Content/SpeedTree9/SpeedTreeCameraFacing.uasset" 534
"../../../Engine/Plugins/Editor/SpeedTreeImporter/Content/SpeedTree9/SpeedTreeCameraFacing.uexp" 535
"../../../Engine/Content/Functions/Engine_MaterialFunctions02/WorldPositionOffset/ObjectScale.uasset" 536
"../../../Engine/Content/Functions/Engine_MaterialFunctions02/WorldPositionOffset/ObjectScale.uexp" 537
"../../../Engine/Content/Functions/Engine_MaterialFunctions02/SafeNormalize.uasset" 538
"../../../Engine/Content/Functions/Engine_MaterialFunctions02/SafeNormalize.uexp" 539
"../../../Engine/Plugins/Editor/SpeedTreeImporter/Content/SpeedTree9/SpeedTreeWindMotion.uasset" 540
"../../../Engine/Plugins/Editor/SpeedTreeImporter/Content/SpeedTree9/SpeedTreeWindMotion.uexp" 541
"../../../Engine/Plugins/Editor/SpeedTreeImporter/Content/SpeedTree9/SpeedTreeBranchMotion.uasset" 542
"../../../Engine/Plugins/Editor/SpeedTreeImporter/Content/SpeedTree9/SpeedTreeBranchMotion.uexp" 543
"../../../Engine/Plugins/Editor/SpeedTreeImporter/Content/SpeedTree9/SpeedTreeWind.uasset" 544
"../../../Engine/Plugins/Editor/SpeedTreeImporter/Content/SpeedTree9/SpeedTreeWind.uexp" 545
"../../../Engine/Plugins/Editor/SpeedTreeImporter/Content/SpeedTree9/EmptyNormal.uasset" 546
"../../../Engine/Plugins/Editor/SpeedTreeImporter/Content/SpeedTree9/EmptyNormal.uexp" 547
"../../../Engine/Plugins/Editor/SpeedTreeImporter/Content/SpeedTree9/Empty.uasset" 548
"../../../Engine/Plugins/Editor/SpeedTreeImporter/Content/SpeedTree9/Empty.uexp" 549
"../../../Engine/Plugins/Editor/SpeedTreeImporter/Content/SpeedTree9/SpeedTreeMaster.uasset" 550
"../../../Engine/Plugins/Editor/SpeedTreeImporter/Content/SpeedTree9/SpeedTreeMaster.uexp" 551
"../../../Engine/Plugins/Editor/SpeedTreeImporter/Content/SpeedTree9/SpeedTreeBillboard.uasset" 552
"../../../Engine/Plugins/Editor/SpeedTreeImporter/Content/SpeedTree9/SpeedTreeBillboard.uexp" 553
"../../../Engine/Plugins/Editor/SpeedTreeImporter/Content/SpeedTree9/SpeedTreeBillboardMaster.uasset" 554
"../../../Engine/Plugins/Editor/SpeedTreeImporter/Content/SpeedTree9/SpeedTreeBillboardMaster.uexp" 555
"../../../Engine/Content/Functions/Engine_MaterialFunctions02/Texturing/CustomRotator.uasset" 556
"../../../Engine/Content/Functions/Engine_MaterialFunctions02/Texturing/CustomRotator.uexp" 557
"../../../Engine/Content/Functions/Engine_MaterialFunctions02/Texturing/ScreenAlignedPixelToPixelUVs.uasset" 558
"../../../Engine/Content/Functions/Engine_MaterialFunctions02/Texturing/ScreenAlignedPixelToPixelUVs.uexp" 559
"../../../Engine/Plugins/Interchange/Runtime/Content/Utilities/T_Bayer64_Grayscale_64px.uasset" 560
"../../../Engine/Plugins/Interchange/Runtime/Content/Utilities/T_Bayer64_Grayscale_64px.uexp" 561
"../../../Engine/Plugins/Interchange/Runtime/Content/gltf/MaterialFunctions/MF_Temporal_Blur.uasset" 562
"../../../Engine/Plugins/Interchange/Runtime/Content/gltf/MaterialFunctions/MF_Temporal_Blur.uexp" 563
"../../../Engine/Plugins/Interchange/Runtime/Content/gltf/MaterialFunctions/MF_Fresnel_DS.uasset" 564
"../../../Engine/Plugins/Interchange/Runtime/Content/gltf/MaterialFunctions/MF_Fresnel_DS.uexp" 565
"../../../Engine/Plugins/Interchange/Runtime/Content/Functions/MX_Transmission.uasset" 566
"../../../Engine/Plugins/Interchange/Runtime/Content/Functions/MX_Transmission.uexp" 567
"../../../Engine/Plugins/Interchange/Runtime/Content/Functions/MF_OrenNayerView.uasset" 568
"../../../Engine/Plugins/Interchange/Runtime/Content/Functions/MF_OrenNayerView.uexp" 569
"../../../Engine/Plugins/Interchange/Runtime/Content/Functions/MF_SchlickApprox.uasset" 570
"../../../Engine/Plugins/Interchange/Runtime/Content/Functions/MF_SchlickApprox.uexp" 571
"../../../Engine/Plugins/Interchange/Runtime/Content/Utilities/New_LUT.uasset" 572
"../../../Engine/Plugins/Interchange/Runtime/Content/Utilities/New_LUT.uexp" 573
"../../../Engine/Content/Functions/Engine_MaterialFunctions03/Math/RemapValueRange.uasset" 574
"../../../Engine/Content/Functions/Engine_MaterialFunctions03/Math/RemapValueRange.uexp" 575
"../../../Engine/Plugins/Interchange/Runtime/Content/Functions/MF_Iridescence.uasset" 576
"../../../Engine/Plugins/Interchange/Runtime/Content/Functions/MF_Iridescence.uexp" 577
"../../../Engine/Plugins/Interchange/Runtime/Content/Functions/MX_StandardSurface.uasset" 578
"../../../Engine/Plugins/Interchange/Runtime/Content/Functions/MX_StandardSurface.uexp" 579
"../../../Engine/Plugins/Interchange/Runtime/Content/Functions/MX_TransmissionSurface.uasset" 580
"../../../Engine/Plugins/Interchange/Runtime/Content/Functions/MX_TransmissionSurface.uexp" 581
"../../../Engine/Content/Functions/Engine_MaterialFunctions02/Math/AddComponents.uasset" 582
"../../../Engine/Content/Functions/Engine_MaterialFunctions02/Math/AddComponents.uexp" 583
"../../../Engine/Content/Functions/Engine_MaterialFunctions02/WorldPositionOffset/V2/ObjectScale.uasset" 584
"../../../Engine/Content/Functions/Engine_MaterialFunctions02/WorldPositionOffset/V2/ObjectScale.uexp" 585
"../../../Engine/Plugins/Interchange/Runtime/Content/gltf/MaterialFunctions/MF_TransmissionOpacity.uasset" 586
"../../../Engine/Plugins/Interchange/Runtime/Content/gltf/MaterialFunctions/MF_TransmissionOpacity.uexp" 587
"../../../Engine/Plugins/Interchange/Runtime/Content/gltf/MaterialFunctions/MF_RotateV2.uasset" 588
"../../../Engine/Plugins/Interchange/Runtime/Content/gltf/MaterialFunctions/MF_RotateV2.uexp" 589
"../../../Engine/Plugins/Interchange/Runtime/Content/gltf/MaterialFunctions/MF_TransformUVs.uasset" 590
"../../../Engine/Plugins/Interchange/Runtime/Content/gltf/MaterialFunctions/MF_TransformUVs.uexp" 591
"../../../Engine/Plugins/Interchange/Runtime/Content/gltf/Textures/T_White_srgb.uasset" 592
"../../../Engine/Plugins/Interchange/Runtime/Content/gltf/Textures/T_White_srgb.uexp" 593
"../../../Engine/Plugins/Interchange/Runtime/Content/gltf/MaterialFunctions/MF_BaseColor.uasset" 594
"../../../Engine/Plugins/Interchange/Runtime/Content/gltf/MaterialFunctions/MF_BaseColor.uexp" 595
"../../../Engine/Plugins/Interchange/Runtime/Content/gltf/MaterialFunctions/MF_DiffuseSpecGloss.uasset" 596
"../../../Engine/Plugins/Interchange/Runtime/Content/gltf/MaterialFunctions/MF_DiffuseSpecGloss.uexp" 597
"../../../Engine/Plugins/Interchange/Runtime/Content/gltf/Textures/T_White_Linear.uasset" 598
"../../../Engine/Plugins/Interchange/Runtime/Content/gltf/Textures/T_White_Linear.uexp" 599
"../../../Engine/Plugins/Interchange/Runtime/Content/gltf/MaterialFunctions/MF_MetallicRoughness.uasset" 600
"../../../Engine/Plugins/Interchange/Runtime/Content/gltf/MaterialFunctions/MF_MetallicRoughness.uexp" 601
"../../../Engine/Plugins/Interchange/Runtime/Content/gltf/MaterialFunctions/MF_Transmission.uasset" 602
"../../../Engine/Plugins/Interchange/Runtime/Content/gltf/MaterialFunctions/MF_Transmission.uexp" 603
"../../../Engine/Plugins/Interchange/Runtime/Content/gltf/MaterialFunctions/MF_Occlusion.uasset" 604
"../../../Engine/Plugins/Interchange/Runtime/Content/gltf/MaterialFunctions/MF_Occlusion.uexp" 605
"../../../Engine/Plugins/Interchange/Runtime/Content/gltf/MaterialFunctions/MF_Specular.uasset" 606
"../../../Engine/Plugins/Interchange/Runtime/Content/gltf/MaterialFunctions/MF_Specular.uexp" 607
"../../../Engine/Plugins/Interchange/Runtime/Content/gltf/MaterialFunctions/MF_IOR.uasset" 608
"../../../Engine/Plugins/Interchange/Runtime/Content/gltf/MaterialFunctions/MF_IOR.uexp" 609
"../../../Engine/Content/Functions/Engine_MaterialFunctions01/Texturing/FlattenNormal.uasset" 610
"../../../Engine/Content/Functions/Engine_MaterialFunctions01/Texturing/FlattenNormal.uexp" 611
"../../../Engine/Content/Functions/Engine_MaterialFunctions02/Math/Transform3x3Matrix.uasset" 612
"../../../Engine/Content/Functions/Engine_MaterialFunctions02/Math/Transform3x3Matrix.uexp" 613
"../../../Engine/Plugins/Interchange/Runtime/Content/gltf/MaterialFunctions/MF_RotateNormals_TS.uasset" 614
"../../../Engine/Plugins/Interchange/Runtime/Content/gltf/MaterialFunctions/MF_RotateNormals_TS.uexp" 615
"../../../Engine/Plugins/Interchange/Runtime/Content/gltf/Textures/T_Generic_N.uasset" 616
"../../../Engine/Plugins/Interchange/Runtime/Content/gltf/Textures/T_Generic_N.uexp" 617
"../../../Engine/Plugins/Interchange/Runtime/Content/gltf/MaterialFunctions/MF_Normals.uasset" 618
"../../../Engine/Plugins/Interchange/Runtime/Content/gltf/MaterialFunctions/MF_Normals.uexp" 619
"../../../Engine/Plugins/Interchange/Runtime/Content/gltf/MaterialFunctions/MF_PerceivedBrightness.uasset" 620
"../../../Engine/Plugins/Interchange/Runtime/Content/gltf/MaterialFunctions/MF_PerceivedBrightness.uexp" 621
"../../../Engine/Plugins/Interchange/Runtime/Content/gltf/MaterialFunctions/MF_SpecGlossToMetalRoughness.uasset" 622
"../../../Engine/Plugins/Interchange/Runtime/Content/gltf/MaterialFunctions/MF_SpecGlossToMetalRoughness.uexp" 623
"../../../Engine/Plugins/Interchange/Runtime/Content/gltf/M_Transmission.uasset" 624
"../../../Engine/Plugins/Interchange/Runtime/Content/gltf/M_Transmission.uexp" 625
"../../../Engine/Plugins/Interchange/Runtime/Content/gltf/MaterialInstances_MR/MI_Transmission_TS.uasset" 626
"../../../Engine/Plugins/Interchange/Runtime/Content/gltf/MaterialInstances_MR/MI_Transmission_TS.uexp" 627
"../../../Engine/Plugins/Interchange/Runtime/Content/gltf/MaterialInstances_MR/MI_Transmission.uasset" 628
"../../../Engine/Plugins/Interchange/Runtime/Content/gltf/MaterialInstances_MR/MI_Transmission.uexp" 629
"../../../Engine/Plugins/Interchange/Runtime/Content/gltf/MaterialFunctions/MF_Clearcoat.uasset" 630
"../../../Engine/Plugins/Interchange/Runtime/Content/gltf/MaterialFunctions/MF_Clearcoat.uexp" 631
"../../../Engine/Plugins/Interchange/Runtime/Content/gltf/MaterialFunctions/MF_Emissive.uasset" 632
"../../../Engine/Plugins/Interchange/Runtime/Content/gltf/MaterialFunctions/MF_Emissive.uexp" 633
"../../../Engine/Plugins/Interchange/Runtime/Content/gltf/M_Translucent.uasset" 634
"../../../Engine/Plugins/Interchange/Runtime/Content/gltf/M_Translucent.uexp" 635
"../../../Engine/Plugins/Interchange/Runtime/Content/gltf/MaterialInstances_MR/MI_Translucent_TS.uasset" 636
"../../../Engine/Plugins/Interchange/Runtime/Content/gltf/MaterialInstances_MR/MI_Translucent_TS.uexp" 637
"../../../Engine/Plugins/Interchange/Runtime/Content/gltf/MaterialInstances_MR/MI_Translucent_ClearCoat_TS.uasset" 638
"../../../Engine/Plugins/Interchange/Runtime/Content/gltf/MaterialInstances_MR/MI_Translucent_ClearCoat_TS.uexp" 639
"../../../Engine/Plugins/Interchange/Runtime/Content/gltf/MaterialInstances_MR/MI_Translucent_ClearCoat.uasset" 640
"../../../Engine/Plugins/Interchange/Runtime/Content/gltf/MaterialInstances_MR/MI_Translucent_ClearCoat.uexp" 641
"../../../Engine/Plugins/Interchange/Runtime/Content/gltf/MaterialInstances_MR/MI_Translucent.uasset" 642
"../../../Engine/Plugins/Interchange/Runtime/Content/gltf/MaterialInstances_MR/MI_Translucent.uexp" 643
"../../../Engine/Plugins/Interchange/Runtime/Content/gltf/M_Unlit.uasset" 644
"../../../Engine/Plugins/Interchange/Runtime/Content/gltf/M_Unlit.uexp" 645
"../../../Engine/Plugins/Interchange/Runtime/Content/gltf/MaterialInstances_MR/MI_Opaque_Unlit_TS.uasset" 646
"../../../Engine/Plugins/Interchange/Runtime/Content/gltf/MaterialInstances_MR/MI_Opaque_Unlit_TS.uexp" 647
"../../../Engine/Plugins/Interchange/Runtime/Content/gltf/MaterialInstances_MR/MI_Opaque_Unlit.uasset" 648
"../../../Engine/Plugins/Interchange/Runtime/Content/gltf/MaterialInstances_MR/MI_Opaque_Unlit.uexp" 649
"../../../Engine/Plugins/Interchange/Runtime/Content/gltf/M_Opaque.uasset" 650
"../../../Engine/Plugins/Interchange/Runtime/Content/gltf/M_Opaque.uexp" 651
"../../../Engine/Plugins/Interchange/Runtime/Content/gltf/MaterialInstances_MR/MI_Opaque_TS.uasset" 652
"../../../Engine/Plugins/Interchange/Runtime/Content/gltf/MaterialInstances_MR/MI_Opaque_TS.uexp" 653
"../../../Engine/Plugins/Interchange/Runtime/Content/gltf/MaterialFunctions/MF_Sheen.uasset" 654
"../../../Engine/Plugins/Interchange/Runtime/Content/gltf/MaterialFunctions/MF_Sheen.uexp" 655
"../../../Engine/Content/Functions/Engine_MaterialFunctions01/Shading/FuzzyShading.uasset" 656
"../../../Engine/Content/Functions/Engine_MaterialFunctions01/Shading/FuzzyShading.uexp" 657
"../../../Engine/Plugins/Interchange/Runtime/Content/gltf/M_Sheen.uasset" 658
"../../../Engine/Plugins/Interchange/Runtime/Content/gltf/M_Sheen.uexp" 659
"../../../Engine/Plugins/Interchange/Runtime/Content/gltf/MaterialInstances_MR/MI_Opaque_Sheen_TS.uasset" 660
"../../../Engine/Plugins/Interchange/Runtime/Content/gltf/MaterialInstances_MR/MI_Opaque_Sheen_TS.uexp" 661
"../../../Engine/Plugins/Interchange/Runtime/Content/gltf/MaterialInstances_MR/MI_Opaque_Sheen.uasset" 662
"../../../Engine/Plugins/Interchange/Runtime/Content/gltf/MaterialInstances_MR/MI_Opaque_Sheen.uexp" 663
"../../../Engine/Plugins/Interchange/Runtime/Content/gltf/MaterialInstances_MR/MI_Opaque_ClearCoat_TS.uasset" 664
"../../../Engine/Plugins/Interchange/Runtime/Content/gltf/MaterialInstances_MR/MI_Opaque_ClearCoat_TS.uexp" 665
"../../../Engine/Plugins/Interchange/Runtime/Content/gltf/MaterialInstances_MR/MI_Opaque_ClearCoat.uasset" 666
"../../../Engine/Plugins/Interchange/Runtime/Content/gltf/MaterialInstances_MR/MI_Opaque_ClearCoat.uexp" 667
"../../../Engine/Plugins/Interchange/Runtime/Content/gltf/MaterialInstances_MR/MI_Opaque.uasset" 668
"../../../Engine/Plugins/Interchange/Runtime/Content/gltf/MaterialInstances_MR/MI_Opaque.uexp" 669
"../../../Engine/Plugins/Interchange/Runtime/Content/gltf/MaterialInstances_SG/MI_Transmission_TS.uasset" 670
"../../../Engine/Plugins/Interchange/Runtime/Content/gltf/MaterialInstances_SG/MI_Transmission_TS.uexp" 671
"../../../Engine/Plugins/Interchange/Runtime/Content/gltf/MaterialInstances_SG/MI_Transmission.uasset" 672
"../../../Engine/Plugins/Interchange/Runtime/Content/gltf/MaterialInstances_SG/MI_Transmission.uexp" 673
"../../../Engine/Plugins/Interchange/Runtime/Content/gltf/MaterialInstances_SG/MI_Translucent_TS.uasset" 674
"../../../Engine/Plugins/Interchange/Runtime/Content/gltf/MaterialInstances_SG/MI_Translucent_TS.uexp" 675
"../../../Engine/Plugins/Interchange/Runtime/Content/gltf/MaterialInstances_SG/MI_Translucent_ClearCoat_TS.uasset" 676
"../../../Engine/Plugins/Interchange/Runtime/Content/gltf/MaterialInstances_SG/MI_Translucent_ClearCoat_TS.uexp" 677
"../../../Engine/Plugins/Interchange/Runtime/Content/gltf/MaterialInstances_SG/MI_Translucent_ClearCoat.uasset" 678
"../../../Engine/Plugins/Interchange/Runtime/Content/gltf/MaterialInstances_SG/MI_Translucent_ClearCoat.uexp" 679
"../../../Engine/Plugins/Interchange/Runtime/Content/gltf/MaterialInstances_SG/MI_Translucent.uasset" 680
"../../../Engine/Plugins/Interchange/Runtime/Content/gltf/MaterialInstances_SG/MI_Translucent.uexp" 681
"../../../Engine/Plugins/Interchange/Runtime/Content/gltf/MaterialInstances_SG/MI_Opaque_TS.uasset" 682
"../../../Engine/Plugins/Interchange/Runtime/Content/gltf/MaterialInstances_SG/MI_Opaque_TS.uexp" 683
"../../../Engine/Plugins/Interchange/Runtime/Content/gltf/MaterialInstances_SG/MI_Opaque_Sheen_TS.uasset" 684
"../../../Engine/Plugins/Interchange/Runtime/Content/gltf/MaterialInstances_SG/MI_Opaque_Sheen_TS.uexp" 685
"../../../Engine/Plugins/Interchange/Runtime/Content/gltf/MaterialInstances_SG/MI_Opaque_Sheen.uasset" 686
"../../../Engine/Plugins/Interchange/Runtime/Content/gltf/MaterialInstances_SG/MI_Opaque_Sheen.uexp" 687
"../../../Engine/Plugins/Interchange/Runtime/Content/gltf/MaterialInstances_SG/MI_Opaque_ClearCoat_TS.uasset" 688
"../../../Engine/Plugins/Interchange/Runtime/Content/gltf/MaterialInstances_SG/MI_Opaque_ClearCoat_TS.uexp" 689
"../../../Engine/Plugins/Interchange/Runtime/Content/gltf/MaterialInstances_SG/MI_Opaque_ClearCoat.uasset" 690
"../../../Engine/Plugins/Interchange/Runtime/Content/gltf/MaterialInstances_SG/MI_Opaque_ClearCoat.uexp" 691
"../../../Engine/Plugins/Interchange/Runtime/Content/gltf/MaterialInstances_SG/MI_Opaque.uasset" 692
"../../../Engine/Plugins/Interchange/Runtime/Content/gltf/MaterialInstances_SG/MI_Opaque.uexp" 693
"../../../Engine/Plugins/Interchange/Runtime/Content/gltf/Textures/T_Gray_Linear.uasset" 694
"../../../Engine/Plugins/Interchange/Runtime/Content/gltf/Textures/T_Gray_Linear.uexp" 695
"../../../Engine/Plugins/Interchange/Runtime/Content/gltf/Textures/T_Black_srgb.uasset" 696
"../../../Engine/Plugins/Interchange/Runtime/Content/gltf/Textures/T_Black_srgb.uexp" 697
"../../../Engine/Plugins/Interchange/Runtime/Content/Materials/UnlitMaterial.uasset" 698
"../../../Engine/Plugins/Interchange/Runtime/Content/Materials/UnlitMaterial.uexp" 699
"../../../Engine/Content/EngineMaterials/DefaultNormal.ubulk" 700
"../../../Engine/Content/EngineMaterials/DefaultNormal.uasset" 701
"../../../Engine/Content/EngineMaterials/DefaultNormal.uexp" 702
"../../../Engine/Plugins/Interchange/Runtime/Content/Materials/MapOrScalarFunction.uasset" 703
"../../../Engine/Plugins/Interchange/Runtime/Content/Materials/MapOrScalarFunction.uexp" 704
"../../../Engine/Plugins/Interchange/Runtime/Content/Materials/MapOrLinearColorFunction.uasset" 705
"../../../Engine/Plugins/Interchange/Runtime/Content/Materials/MapOrLinearColorFunction.uexp" 706
"../../../Engine/Plugins/Interchange/Runtime/Content/Materials/MapOrColorFunction.uasset" 707
"../../../Engine/Plugins/Interchange/Runtime/Content/Materials/MapOrColorFunction.uexp" 708
"../../../Engine/Plugins/Interchange/Runtime/Content/Materials/CommonMaterial.uasset" 709
"../../../Engine/Plugins/Interchange/Runtime/Content/Materials/CommonMaterial.uexp" 710
"../../../Engine/Plugins/Interchange/Runtime/Content/Materials/PBRSurfaceFunction.uasset" 711
"../../../Engine/Plugins/Interchange/Runtime/Content/Materials/PBRSurfaceFunction.uexp" 712
"../../../Engine/Plugins/Interchange/Runtime/Content/Materials/ThinTranslucentMaterial.uasset" 713
"../../../Engine/Plugins/Interchange/Runtime/Content/Materials/ThinTranslucentMaterial.uexp" 714
"../../../Engine/Plugins/Interchange/Runtime/Content/Materials/SubsurfaceMaterial.uasset" 715
"../../../Engine/Plugins/Interchange/Runtime/Content/Materials/SubsurfaceMaterial.uexp" 716
"../../../Engine/Plugins/Interchange/Runtime/Content/Materials/SheenMaterial.uasset" 717
"../../../Engine/Plugins/Interchange/Runtime/Content/Materials/SheenMaterial.uexp" 718
"../../../Engine/Content/Functions/Engine_MaterialFunctions01/Shading/ConvertFromDiffSpec.uasset" 719
"../../../Engine/Content/Functions/Engine_MaterialFunctions01/Shading/ConvertFromDiffSpec.uexp" 720
"../../../Engine/Plugins/Interchange/Runtime/Content/Materials/PhongSurfaceMaterial.uasset" 721
"../../../Engine/Plugins/Interchange/Runtime/Content/Materials/PhongSurfaceMaterial.uexp" 722
"../../../Engine/Plugins/Interchange/Runtime/Content/Materials/PBRSurfaceMaterial.uasset" 723
"../../../Engine/Plugins/Interchange/Runtime/Content/Materials/PBRSurfaceMaterial.uexp" 724
"../../../Engine/Content/EngineMaterials/FlatNormal.uasset" 725
"../../../Engine/Content/EngineMaterials/FlatNormal.uexp" 726
"../../../Engine/Content/EditorLandscapeResources/WhiteSquareTexture.uasset" 727
"../../../Engine/Content/EditorLandscapeResources/WhiteSquareTexture.uexp" 728
"../../../Engine/Plugins/Interchange/Runtime/Content/Materials/OrenNayerMaterial.uasset" 729
"../../../Engine/Plugins/Interchange/Runtime/Content/Materials/OrenNayerMaterial.uexp" 730
"../../../Engine/Plugins/Interchange/Runtime/Content/Materials/LambertSurfaceMaterial.uasset" 731
"../../../Engine/Plugins/Interchange/Runtime/Content/Materials/LambertSurfaceMaterial.uexp" 732
"../../../Engine/Plugins/Interchange/Runtime/Content/Materials/ClearCoatMaterial.uasset" 733
"../../../Engine/Plugins/Interchange/Runtime/Content/Materials/ClearCoatMaterial.uexp" 734
"../../../Engine/Plugins/Interchange/Runtime/Content/Pipelines/DefaultTexturePipeline.uasset" 735
"../../../Engine/Plugins/Interchange/Runtime/Content/Pipelines/DefaultTexturePipeline.uexp" 736
"../../../Engine/Content/Maps/Entry_BuiltData.uasset" 737
"../../../Engine/Content/Maps/Entry_BuiltData.uexp" 738
"../../../Engine/Content/Maps/Entry.uexp" 739
"../../../Engine/Content/Maps/Entry.umap" 740
"C:/Users/Admin/Documents/Unreal Projects/Composure_Test/Content/RT_CamView.uasset" 741
"C:/Users/Admin/Documents/Unreal Projects/Composure_Test/Content/RT_CamView.uexp" 742
"C:/Users/Admin/Documents/Unreal Projects/Composure_Test/Content/BP_CineCam.uasset" 743
"C:/Users/Admin/Documents/Unreal Projects/Composure_Test/Content/BP_CineCam.uexp" 744
"C:/Users/Admin/Documents/Unreal Projects/Composure_Test/Content/RT_CG.uasset" 745
"C:/Users/Admin/Documents/Unreal Projects/Composure_Test/Content/RT_CG.uexp" 746
"../../../Engine/Plugins/Compositing/Composure/Content/Blueprints/CompositingPasses/BP_TextureCompInput.uasset" 747
"../../../Engine/Plugins/Compositing/Composure/Content/Blueprints/CompositingPasses/BP_TextureCompInput.uexp" 748
"../../../Engine/Plugins/Compositing/Composure/Content/Materials/Compositing/Over.uasset" 749
"../../../Engine/Plugins/Compositing/Composure/Content/Materials/Compositing/Over.uexp" 750
"C:/Users/Admin/Documents/Unreal Projects/Composure_Test/Content/RT_Media.uasset" 751
"C:/Users/Admin/Documents/Unreal Projects/Composure_Test/Content/RT_Media.uexp" 752
"C:/Users/Admin/Documents/Unreal Projects/Composure_Test/Content/M_OverLeyer.uasset" 753
"C:/Users/Admin/Documents/Unreal Projects/Composure_Test/Content/M_OverLeyer.uexp" 754
"C:/Users/Admin/Documents/Unreal Projects/Composure_Test/Content/TestCompMedia_InnerAssets/RT_TestCompMedia_LensDisplacement.uasset" 755
"C:/Users/Admin/Documents/Unreal Projects/Composure_Test/Content/TestCompMedia_InnerAssets/RT_TestCompMedia_LensDisplacement.uexp" 756
"C:/Users/Admin/Documents/Unreal Projects/Composure_Test/Content/TestCompMedia_InnerAssets/MediaP_TestCompMedia.uasset" 757
"C:/Users/Admin/Documents/Unreal Projects/Composure_Test/Content/TestCompMedia_InnerAssets/MediaP_TestCompMedia.uexp" 758
"C:/Users/Admin/Documents/Unreal Projects/Composure_Test/Content/TestCompMedia_InnerAssets/T_TestCompMedia_BC.uasset" 759
"C:/Users/Admin/Documents/Unreal Projects/Composure_Test/Content/TestCompMedia_InnerAssets/T_TestCompMedia_BC.uexp" 760
"C:/Users/Admin/Documents/Unreal Projects/Composure_Test/Content/TestCompMedia_InnerAssets/MI_TestCompMedia.uasset" 761
"C:/Users/Admin/Documents/Unreal Projects/Composure_Test/Content/TestCompMedia_InnerAssets/MI_TestCompMedia.uexp" 762
"../../../Engine/Plugins/Compositing/Composure/Content/Materials/ChromaKeying/Bias.uasset" 763
"../../../Engine/Plugins/Compositing/Composure/Content/Materials/ChromaKeying/Bias.uexp" 764
"../../../Engine/Plugins/Compositing/Composure/Content/Materials/Compositing/Radial.uasset" 765
"../../../Engine/Plugins/Compositing/Composure/Content/Materials/Compositing/Radial.uexp" 766
"../../../Engine/Plugins/Compositing/Composure/Content/Materials/ChromaKeying/MF_KeyColorMask.uasset" 767
"../../../Engine/Plugins/Compositing/Composure/Content/Materials/ChromaKeying/MF_KeyColorMask.uexp" 768
"../../../Engine/Plugins/Compositing/Composure/Content/Materials/ChromaKeying/M_SinglePassChromaKeyer.uasset" 769
"../../../Engine/Plugins/Compositing/Composure/Content/Materials/ChromaKeying/M_SinglePassChromaKeyer.uexp" 770
"../../../Engine/Plugins/Compositing/Composure/Content/Materials/ChromaKeying/ErodeAlpha.uasset" 771
"../../../Engine/Plugins/Compositing/Composure/Content/Materials/ChromaKeying/ErodeAlpha.uexp" 772
"../../../Engine/Plugins/Compositing/Composure/Content/Materials/ColorGrading/ComposureColorGradePerRange.uasset" 773
"../../../Engine/Plugins/Compositing/Composure/Content/Materials/ColorGrading/ComposureColorGradePerRange.uexp" 774
"../../../Engine/Plugins/Compositing/Composure/Content/Materials/ReplaceTonemapper/ComposureReplaceTonemapperColorGrade.uasset" 775
"../../../Engine/Plugins/Compositing/Composure/Content/Materials/ReplaceTonemapper/ComposureReplaceTonemapperColorGrade.uexp" 776
"../../../Engine/Plugins/Compositing/Composure/Content/Materials/PassSetup/ComposureSimpleSetupMaterial.uasset" 777
"../../../Engine/Plugins/Compositing/Composure/Content/Materials/PassSetup/ComposureSimpleSetupMaterial.uexp" 778
"../../../Engine/Plugins/Compositing/Composure/Content/Blueprints/BP_BlueprintHelpersLibrary.uasset" 779
"../../../Engine/Plugins/Compositing/Composure/Content/Blueprints/BP_BlueprintHelpersLibrary.uexp" 780
"../../../Engine/Plugins/Compositing/Composure/Content/Blueprints/CompositingElements/UDS_ColorGradeSettings.uasset" 781
"../../../Engine/Plugins/Compositing/Composure/Content/Blueprints/CompositingElements/UDS_ColorGradeSettings.uexp" 782
"../../../Engine/Plugins/Compositing/Composure/Content/Blueprints/CompositingElements/EComposureActorSelection.uasset" 783
"../../../Engine/Plugins/Compositing/Composure/Content/Blueprints/CompositingElements/EComposureActorSelection.uexp" 784
"../../../Engine/Plugins/Compositing/Composure/Content/Textures/Debug/T_UnsetCamWarning.ubulk" 785
"../../../Engine/Plugins/Compositing/Composure/Content/Textures/Debug/T_UnsetCamWarning.uasset" 786
"../../../Engine/Plugins/Compositing/Composure/Content/Textures/Debug/T_UnsetCamWarning.uexp" 787
"../../../Engine/Content/EditorBlueprintResources/StandardMacros.uasset" 788
"../../../Engine/Content/EditorBlueprintResources/StandardMacros.uexp" 789
"../../../Engine/Plugins/Compositing/Composure/Content/Blueprints/CompositingElements/UDS_TargetedActorLayer.uasset" 790
"../../../Engine/Plugins/Compositing/Composure/Content/Blueprints/CompositingElements/UDS_TargetedActorLayer.uexp" 791
"../../../Engine/Plugins/Compositing/Composure/Content/Materials/PassSetup/ComposureInvertAlpha.uasset" 792
"../../../Engine/Plugins/Compositing/Composure/Content/Materials/PassSetup/ComposureInvertAlpha.uexp" 793
"../../../Engine/Plugins/Compositing/Composure/Content/Blueprints/CompositingElements/BP_CgCaptureCompElement.uasset" 794
"../../../Engine/Plugins/Compositing/Composure/Content/Blueprints/CompositingElements/BP_CgCaptureCompElement.uexp" 795
"C:/Users/Admin/Documents/Unreal Projects/Composure_Test/Content/BP_CompController.uasset" 796
"C:/Users/Admin/Documents/Unreal Projects/Composure_Test/Content/BP_CompController.uexp" 797
"C:/Users/Admin/Documents/Unreal Projects/Composure_Test/Content/BP_CompGameMod.uasset" 798
"C:/Users/Admin/Documents/Unreal Projects/Composure_Test/Content/BP_CompGameMod.uexp" 799
"C:/Users/Admin/Documents/Unreal Projects/Composure_Test/Content/level_01.uexp" 800
"C:/Users/Admin/Documents/Unreal Projects/Composure_Test/Content/level_01.umap" 801
